<?xml version="1.0" encoding="UTF-8"?>
<!-- Generated by org.testng.reporters.JUnitXMLReporter -->
<testsuite ignored="1" hostname="KAFEER" failures="0" tests="1" name="Default test" time="7.573" errors="0" timestamp="21 Jul 2022 17:19:31 GMT">
  <testcase classname="qaautomation.tugas4.WebTest" name="testAddProduct" time="3.446"/>
  <testcase classname="qaautomation.tugas4.WebTest" name="testLogin" time="0.0">
    <ignored/>
  </testcase> <!-- testLogin -->
</testsuite> <!-- Default test -->
