<?xml version="1.0" encoding="UTF-8"?>
<!-- Generated by org.testng.reporters.JUnitXMLReporter -->
<testsuite ignored="0" hostname="christian" failures="0" tests="3" name="Test" time="8.428" errors="0" timestamp="30 Jul 2022 08:27:57 GMT">
  <testcase classname="qaautomation.tugas4.WebTest" name="testLogin" time="3.315"/>
  <testcase classname="qaautomation.tugas4.WebTest" name="testAddProduct" time="4.29"/>
  <testcase classname="qaautomation.tugas4.WebTest" name="testCheckoutProduct" time="4.982"/>
</testsuite> <!-- Test -->
