<?xml version="1.0" encoding="UTF-8"?>
<testng-results ignored="1" total="2" passed="1" failed="0" skipped="0">
  <reporter-output>
  </reporter-output>
  <suite started-at="2022-07-21T17:19:24Z" name="Default suite" finished-at="2022-07-21T17:19:31Z" duration-ms="7573">
    <groups>
    </groups>
    <test started-at="2022-07-21T17:19:24Z" name="Default test" finished-at="2022-07-21T17:19:31Z" duration-ms="7573">
      <class name="qaautomation.tugas4.WebTest">
        <test-method is-config="true" signature="setUp()[pri:0, instance:qaautomation.tugas4.WebTest@4fc5e095]" started-at="2022-07-21T17:19:24Z" name="setUp" finished-at="2022-07-21T17:19:27Z" duration-ms="3650" status="PASS">
          <reporter-output>
          </reporter-output>
        </test-method> <!-- setUp -->
        <test-method signature="testAddProduct()[pri:0, instance:qaautomation.tugas4.WebTest@4fc5e095]" started-at="2022-07-21T17:19:28Z" name="testAddProduct" finished-at="2022-07-21T17:19:31Z" duration-ms="3446" status="PASS">
          <reporter-output>
          </reporter-output>
        </test-method> <!-- testAddProduct -->
        <test-method is-config="true" signature="tearDown()[pri:0, instance:qaautomation.tugas4.WebTest@4fc5e095]" started-at="2022-07-21T17:19:31Z" name="tearDown" finished-at="2022-07-21T17:19:31Z" duration-ms="231" status="PASS">
          <reporter-output>
          </reporter-output>
        </test-method> <!-- tearDown -->
      </class> <!-- qaautomation.tugas4.WebTest -->
    </test> <!-- Default test -->
  </suite> <!-- Default suite -->
</testng-results>
