<?xml version="1.0" encoding="UTF-8"?>
<testng-results ignored="0" total="3" passed="3" failed="0" skipped="0">
  <reporter-output>
  </reporter-output>
  <suite started-at="2022-07-30T08:27:49Z" name="Suite" finished-at="2022-07-30T08:27:57Z" duration-ms="8428">
    <groups>
    </groups>
    <test started-at="2022-07-30T08:27:49Z" name="Test" finished-at="2022-07-30T08:27:57Z" duration-ms="8428">
      <class name="qaautomation.tugas4.WebTest">
        <test-method is-config="true" signature="setUp()[pri:0, instance:qaautomation.tugas4.WebTest@40f1be1b]" started-at="2022-07-30T08:27:49Z" name="setUp" finished-at="2022-07-30T08:27:52Z" duration-ms="3074" status="PASS">
          <reporter-output>
          </reporter-output>
        </test-method> <!-- setUp -->
        <test-method is-config="true" signature="setUp()[pri:0, instance:qaautomation.tugas4.WebTest@40f1be1b]" started-at="2022-07-30T08:27:49Z" name="setUp" finished-at="2022-07-30T08:27:52Z" duration-ms="3043" status="PASS">
          <reporter-output>
          </reporter-output>
        </test-method> <!-- setUp -->
        <test-method is-config="true" signature="setUp()[pri:0, instance:qaautomation.tugas4.WebTest@40f1be1b]" started-at="2022-07-30T08:27:49Z" name="setUp" finished-at="2022-07-30T08:27:52Z" duration-ms="3037" status="PASS">
          <reporter-output>
          </reporter-output>
        </test-method> <!-- setUp -->
        <test-method signature="testLogin()[pri:0, instance:qaautomation.tugas4.WebTest@40f1be1b]" started-at="2022-07-30T08:27:52Z" name="testLogin" finished-at="2022-07-30T08:27:55Z" duration-ms="3315" status="PASS">
          <reporter-output>
          </reporter-output>
        </test-method> <!-- testLogin -->
        <test-method signature="testCheckoutProduct()[pri:0, instance:qaautomation.tugas4.WebTest@40f1be1b]" started-at="2022-07-30T08:27:52Z" name="testCheckoutProduct" finished-at="2022-07-30T08:27:57Z" duration-ms="4982" status="PASS">
          <reporter-output>
          </reporter-output>
        </test-method> <!-- testCheckoutProduct -->
        <test-method signature="testAddProduct()[pri:0, instance:qaautomation.tugas4.WebTest@40f1be1b]" started-at="2022-07-30T08:27:52Z" name="testAddProduct" finished-at="2022-07-30T08:27:56Z" duration-ms="4290" status="PASS">
          <reporter-output>
          </reporter-output>
        </test-method> <!-- testAddProduct -->
        <test-method is-config="true" signature="tearDown()[pri:0, instance:qaautomation.tugas4.WebTest@40f1be1b]" started-at="2022-07-30T08:27:55Z" name="tearDown" finished-at="2022-07-30T08:27:56Z" duration-ms="487" status="PASS">
          <reporter-output>
          </reporter-output>
        </test-method> <!-- tearDown -->
        <test-method is-config="true" signature="tearDown()[pri:0, instance:qaautomation.tugas4.WebTest@40f1be1b]" started-at="2022-07-30T08:27:56Z" name="tearDown" finished-at="2022-07-30T08:27:56Z" duration-ms="181" status="PASS">
          <reporter-output>
          </reporter-output>
        </test-method> <!-- tearDown -->
        <test-method is-config="true" signature="tearDown()[pri:0, instance:qaautomation.tugas4.WebTest@40f1be1b]" started-at="2022-07-30T08:27:57Z" name="tearDown" finished-at="2022-07-30T08:27:57Z" duration-ms="187" status="PASS">
          <reporter-output>
          </reporter-output>
        </test-method> <!-- tearDown -->
      </class> <!-- qaautomation.tugas4.WebTest -->
    </test> <!-- Test -->
  </suite> <!-- Suite -->
</testng-results>
